# Logging to logs\model_baseline_one.py-2025-06-05_004725-bs=24,d=0.4,d=0.4,e=100,ls=0.05,l=0.001,rr=16,s=42,t=1\train.log   (2025-06-05T00:47:25)
Epoch 1: train_loss 2.0495, train_acc 0.1843, dev_acc 0.2157, lr 0.001000
Epoch 2: train_loss 1.7935, train_acc 0.2070, dev_acc 0.2259, lr 0.000999
Epoch 3: train_loss 1.7740, train_acc 0.2137, dev_acc 0.3020, lr 0.000998
Epoch 4: train_loss 1.7584, train_acc 0.2307, dev_acc 0.2970, lr 0.000996
Epoch 5: train_loss 1.7402, train_acc 0.2271, dev_acc 0.3173, lr 0.000994
Epoch 6: train_loss 1.7319, train_acc 0.2678, dev_acc 0.3350, lr 0.000991
Epoch 7: train_loss 1.7269, train_acc 0.2714, dev_acc 0.3096, lr 0.000988
Epoch 8: train_loss 1.7090, train_acc 0.2878, dev_acc 0.2589, lr 0.000984
Epoch 9: train_loss 1.7078, train_acc 0.2657, dev_acc 0.3477, lr 0.000980
Epoch 10: train_loss 1.6901, train_acc 0.2755, dev_acc 0.3452, lr 0.000976
Epoch 11: train_loss 1.6835, train_acc 0.3033, dev_acc 0.3909, lr 0.000971
Epoch 12: train_loss 1.6926, train_acc 0.2992, dev_acc 0.3223, lr 0.000965
Epoch 13: train_loss 1.6886, train_acc 0.3136, dev_acc 0.3909, lr 0.000959
Epoch 14: train_loss 1.6760, train_acc 0.2971, dev_acc 0.4010, lr 0.000953
Epoch 15: train_loss 1.6775, train_acc 0.2961, dev_acc 0.3528, lr 0.000946
Epoch 16: train_loss 1.6512, train_acc 0.3100, dev_acc 0.3934, lr 0.000939
Epoch 17: train_loss 1.6601, train_acc 0.3012, dev_acc 0.4010, lr 0.000931
Epoch 18: train_loss 1.6713, train_acc 0.3018, dev_acc 0.3503, lr 0.000923
No dev‑accuracy gain for 5 epochs – early stopping at epoch 19. Best dev accuracy: 0.4010
Predictions saved to logs\model_baseline_one.py-2025-06-05_004725-bs=24,d=0.4,d=0.4,e=100,ls=0.05,l=0.001,rr=16,s=42,t=1\predictions.csv
Confusion matrix:
 tensor([[32,  4,  0, 26,  2,  3],
        [ 4, 25,  0, 11,  7, 21],
        [ 1,  3,  3, 11,  7, 43],
        [ 4,  5,  1, 39,  8, 11],
        [ 0,  7,  0,  9, 12, 41],
        [ 0,  7,  0,  2,  9, 51]])
Accuracy: 0.3961
Class accuracy: [0.4776119291782379, 0.36764705181121826, 0.04411764815449715, 0.5735294222831726, 0.17391304671764374, 0.739130437374115]
Evaluation – overall accuracy: 0.3961
Evaluation – per‑class accuracy: [0.4776119291782379, 0.36764705181121826, 0.04411764815449715, 0.5735294222831726, 0.17391304671764374, 0.739130437374115]
